[themewagon.github.io/Plumberz/index.html]
[backblue.gif]
[fade.gif]
[index.html]
[themewagon.github.io/Plumberz/img/favicon.ico]
[cdnjs.cloudflare.com/ajax/libs/font-awesome/5.10.0/css/all.min.css]
[cdn.jsdelivr.net/npm/bootstrap-icons@1.4.1/font/bootstrap-icons.css]
[themewagon.github.io/Plumberz/lib/animate/animate.min.css]
[themewagon.github.io/Plumberz/lib/owlcarousel/assets/owl.carousel.min.css]
[themewagon.github.io/Plumberz/lib/tempusdominus/css/tempusdominus-bootstrap-4.min.css]
[themewagon.github.io/Plumberz/css/bootstrap.min.css]
[themewagon.github.io/Plumberz/css/style.css]
[themewagon.github.io/Plumberz/index-2.html]
[themewagon.github.io/Plumberz/about.html]
[themewagon.github.io/Plumberz/service.html]
[themewagon.github.io/Plumberz/booking.html]
[themewagon.github.io/Plumberz/team.html]
[themewagon.github.io/Plumberz/testimonial.html]
[themewagon.github.io/Plumberz/404.html]
[themewagon.github.io/Plumberz/contact.html]
[themewagon.github.io/Plumberz/img/carousel-1.jpg]
[themewagon.github.io/Plumberz/img/carousel-2.jpg]
[themewagon.github.io/Plumberz/img/service-1.jpg]
[themewagon.github.io/Plumberz/img/service-2.jpg]
[themewagon.github.io/Plumberz/img/service-3.jpg]
[themewagon.github.io/Plumberz/img/about-1.jpg]
[themewagon.github.io/Plumberz/img/about-2.jpg]
[themewagon.github.io/Plumberz/img/team-1.jpg]
[themewagon.github.io/Plumberz/img/team-2.jpg]
[themewagon.github.io/Plumberz/img/team-3.jpg]
[themewagon.github.io/Plumberz/img/team-4.jpg]
[themewagon.github.io/Plumberz/img/testimonial-1.jpg]
[themewagon.github.io/Plumberz/img/testimonial-2.jpg]
[themewagon.github.io/Plumberz/img/testimonial-3.jpg]
[themewagon.github.io/Plumberz/img/testimonial-4.jpg]
[code.jquery.com/jquery-3.4.1.min.js]
[cdn.jsdelivr.net/npm/bootstrap@5.0.0/dist/js/bootstrap.bundle.min.js]
[themewagon.github.io/Plumberz/lib/wow/wow.min.js]
[themewagon.github.io/Plumberz/lib/easing/easing.min.js]
[themewagon.github.io/Plumberz/lib/waypoints/waypoints.min.js]
[themewagon.github.io/Plumberz/lib/counterup/counterup.min.js]
[themewagon.github.io/Plumberz/lib/owlcarousel/owl.carousel.min.js]
[themewagon.github.io/Plumberz/lib/tempusdominus/js/moment-timezone.min.js]
[themewagon.github.io/Plumberz/lib/tempusdominus/js/tempusdominus-bootstrap-4.min.js]
[themewagon.github.io/Plumberz/lib/tempusdominus/js/moment.min.js]
[themewagon.github.io/Plumberz/index.html]
[themewagon.github.io/Plumberz/img/favicon.html]
[cdnjs.cloudflare.com/ajax/libs/font-awesome/5.10.0/css/all.min.css]
[themewagon.github.io/Plumberz/js/main.js]
[cdn.jsdelivr.net/npm/bootstrap-icons@1.4.1/font/fonts/bootstrap-iconsfb95.woff2]
[cdn.jsdelivr.net/npm/bootstrap-icons@1.4.1/font/fonts/bootstrap-iconsfb95.woff]
[cdn.jsdelivr.net/npm/bootstrap-icons@1.4.1/font/bootstrap-icons.css]
[themewagon.github.io/Plumberz/lib/animate/animate.min.css]
[themewagon.github.io/Plumberz/lib/owlcarousel/assets/owl.video.play.png]
[themewagon.github.io/Plumberz/lib/owlcarousel/assets/owl.carousel.min.css]
[themewagon.github.io/Plumberz/lib/tempusdominus/css/tempusdominus-bootstrap-4.min.css]
[themewagon.github.io/Plumberz/css/bootstrap.min.css]
[themewagon.github.io/Plumberz/img/bg.jpg]
[themewagon.github.io/Plumberz/css/style.css]
[themewagon.github.io/Plumberz/index-2.html]
[themewagon.github.io/Plumberz/about.html]
[themewagon.github.io/Plumberz/service.html]
[themewagon.github.io/Plumberz/booking.html]
[themewagon.github.io/Plumberz/team.html]
[themewagon.github.io/Plumberz/testimonial.html]
[themewagon.github.io/Plumberz/404.html]
[themewagon.github.io/Plumberz/contact.html]
